<?xml version="1.0" encoding="UTF-8"?>
<testsuite xmlns:xsi="http://www.w3.org/2001/XMLSchema-instance" xsi:noNamespaceSchemaLocation="https://maven.apache.org/surefire/maven-surefire-plugin/xsd/surefire-test-report-3.0.xsd" version="3.0" name="cs410.uno.GameStateTest" time="0.049" tests="5" errors="0" skipped="0" failures="0">
  <properties>
[...]
</properties>
  <testcase name="rulesTest" classname="cs410.uno.GameStateTest" time="0.027">
    <system-out><![CDATA[Starting game...

Player 0 played    RED-SKIP    

Player 1 was skipped...

Player 2 played    RED-REVERSE 

Game direction was reversed...

Player 1 played    RED-DRAW_TWO

Player 0 drew two cards and was skipped...

Top card:    RED-DRAW_TWO Direction: ^^
  Player 0 hand [12]: [  BLUE-FIVE    ,    RED-TWO     ,   BLUE-ONE     ,  GREEN-THREE   , YELLOW-THREE   ,    RED-ONE     ,  GREEN-ONE     , YELLOW-ONE     ,  GREEN-TWO     ,    RED-ZERO    ,   BLUE-FOUR    ,  GREEN-EIGHT   ]
  Player 1 hand [10]: [  BLUE-ZERO    , YELLOW-ZERO    , YELLOW-SEVEN   ,  GREEN-SEVEN   ,  GREEN-ONE     ,   BLUE-TWO     ,  GREEN-EIGHT   ,    RED-SEVEN   ,  GREEN-ZERO    ,    RED-SEVEN   ]
  Player 2 hand [10]: [YELLOW-FOUR    ,   BLUE-THREE   ,   BLUE-EIGHT   ,   BLUE-FIVE    ,    RED-TWO     ,   BLUE-TWO     ,    RED-EIGHT   ,    RED-FIVE    , YELLOW-NINE    ,   BLUE-NINE    ]
>>Player 3 hand [10]: [  WILD-WILD    ,    RED-FOUR    ,   BLUE-SEVEN   ,   BLUE-ONE     ,    RED-NINE    ,   BLUE-FIVE    ,    RED-FOUR    ,   BLUE-SEVEN   ,  GREEN-SEVEN   ,  GREEN-SIX     ]

Player 3 played    RED-FOUR    

Top card:    RED-FOUR     Direction: ^^
  Player 0 hand [12]: [  BLUE-FIVE    ,    RED-TWO     ,   BLUE-ONE     ,  GREEN-THREE   , YELLOW-THREE   ,    RED-ONE     ,  GREEN-ONE     , YELLOW-ONE     ,  GREEN-TWO     ,    RED-ZERO    ,   BLUE-FOUR    ,  GREEN-EIGHT   ]
  Player 1 hand [10]: [  BLUE-ZERO    , YELLOW-ZERO    , YELLOW-SEVEN   ,  GREEN-SEVEN   ,  GREEN-ONE     ,   BLUE-TWO     ,  GREEN-EIGHT   ,    RED-SEVEN   ,  GREEN-ZERO    ,    RED-SEVEN   ]
>>Player 2 hand [10]: [YELLOW-FOUR    ,   BLUE-THREE   ,   BLUE-EIGHT   ,   BLUE-FIVE    ,    RED-TWO     ,   BLUE-TWO     ,    RED-EIGHT   ,    RED-FIVE    , YELLOW-NINE    ,   BLUE-NINE    ]
  Player 3 hand [9]: [  BLUE-SEVEN   ,  GREEN-SIX     ,   WILD-WILD    ,    RED-FOUR    ,    RED-NINE    ,  GREEN-SEVEN   ,   BLUE-ONE     ,   BLUE-SEVEN   ,   BLUE-FIVE    ]

Player 2 played    RED-TWO     

Top card:    RED-TWO      Direction: ^^
  Player 0 hand [12]: [  BLUE-FIVE    ,    RED-TWO     ,   BLUE-ONE     ,  GREEN-THREE   , YELLOW-THREE   ,    RED-ONE     ,  GREEN-ONE     , YELLOW-ONE     ,  GREEN-TWO     ,    RED-ZERO    ,   BLUE-FOUR    ,  GREEN-EIGHT   ]
>>Player 1 hand [10]: [  BLUE-ZERO    , YELLOW-ZERO    , YELLOW-SEVEN   ,  GREEN-SEVEN   ,  GREEN-ONE     ,   BLUE-TWO     ,  GREEN-EIGHT   ,    RED-SEVEN   ,  GREEN-ZERO    ,    RED-SEVEN   ]
  Player 2 hand [9]: [   RED-EIGHT   ,   BLUE-FIVE    ,   BLUE-TWO     ,   BLUE-EIGHT   ,    RED-FIVE    ,   BLUE-THREE   , YELLOW-NINE    , YELLOW-FOUR    ,   BLUE-NINE    ]
  Player 3 hand [9]: [  BLUE-SEVEN   ,  GREEN-SIX     ,   WILD-WILD    ,    RED-FOUR    ,    RED-NINE    ,  GREEN-SEVEN   ,   BLUE-ONE     ,   BLUE-SEVEN   ,   BLUE-FIVE    ]

Player 1 played    RED-SEVEN   

Player 0 played    RED-WILD    

Player 3 played   BLUE-WILD    

Player 2 played  GREEN-WILD    

Player 1 played YELLOW-WILD    

]]></system-out>
  </testcase>
  <testcase name="noValidCardTest" classname="cs410.uno.GameStateTest" time="0.003">
    <system-out><![CDATA[Starting game...

Top card:  GREEN-ONE      Direction: vv
>>Player 0 hand [5]: [  BLUE-ONE     ,  GREEN-FOUR    ,    RED-FIVE    , YELLOW-THREE   , YELLOW-EIGHT   ]
  Player 1 hand [5]: [ GREEN-NINE    , YELLOW-SIX     ,    RED-ZERO    ,   BLUE-ZERO    ,    RED-TWO     ]

Player 0 played  GREEN-FOUR    

Top card:  GREEN-FOUR     Direction: vv
  Player 0 hand [4]: [   RED-FIVE    , YELLOW-THREE   ,   BLUE-ONE     , YELLOW-EIGHT   ]
>>Player 1 hand [5]: [ GREEN-NINE    , YELLOW-SIX     ,    RED-ZERO    ,   BLUE-ZERO    ,    RED-TWO     ]

Player 1 played  GREEN-NINE    

Top card:  GREEN-NINE     Direction: vv
>>Player 0 hand [4]: [   RED-FIVE    , YELLOW-THREE   ,   BLUE-ONE     , YELLOW-EIGHT   ]
  Player 1 hand [4]: [YELLOW-SIX     ,   BLUE-ZERO    ,    RED-TWO     ,    RED-ZERO    ]

Player 0 drew a card
Player 0 didn't have a valid card to play

]]></system-out>
  </testcase>
  <testcase name="startGameTest" classname="cs410.uno.GameStateTest" time="0.01">
    <system-out><![CDATA[Starting game...

Starting game...

Starting game...

Starting game...

Starting game...

Starting game...

Starting game...

Starting game...

Starting game...

Starting game...

Starting game...

Starting game...

Starting game...

Starting game...

Starting game...

Starting game...

Starting game...

Starting game...

Starting game...

Starting game...

Starting game...

Starting game...

Starting game...

Starting game...

Starting game...

Starting game...

Starting game...

Starting game...

Starting game...

Starting game...

Starting game...

Starting game...

Starting game...

Starting game...

Starting game...

Starting game...

Starting game...

Starting game...

Starting game...

Starting game...

Starting game...

Starting game...

Starting game...

Starting game...

Starting game...

Starting game...

Starting game...

Starting game...

Starting game...

Starting game...

Starting game...

]]></system-out>
  </testcase>
  <testcase name="twoPlayerGameTest" classname="cs410.uno.GameStateTest" time="0.002">
    <system-out><![CDATA[Starting game...

Player 0 played    RED-SKIP    

Player 1 was skipped...

Player 0 played    RED-REVERSE 

Game direction was reversed...

Player 0 played    RED-DRAW_TWO

Player 1 drew two cards and was skipped...

Top card:    RED-DRAW_TWO Direction: ^^
>>Player 0 hand [10]: [ GREEN-FOUR    , YELLOW-NINE    ,    RED-NINE    , YELLOW-ONE     ,   BLUE-THREE   ,  GREEN-SIX     ,  GREEN-ZERO    ,   BLUE-EIGHT   , YELLOW-THREE   ,   WILD-WILD    ]
  Player 1 hand [12]: [  WILD-WILD    ,  GREEN-NINE    , YELLOW-EIGHT   ,   BLUE-SIX     ,    RED-EIGHT   ,   BLUE-SEVEN   ,    RED-FIVE    ,  GREEN-TWO     ,    RED-SEVEN   ,    RED-TWO     ,    RED-ONE     , YELLOW-SEVEN   ]

Player 0 played  GREEN-WILD    

]]></system-out>
  </testcase>
  <testcase name="isGameOverTest" classname="cs410.uno.GameStateTest" time="0.005">
    <system-out><![CDATA[Starting game...

Top card:  GREEN-NINE     Direction: vv
>>Player 0 hand [7]: [  BLUE-DRAW_TWO,   WILD-WILD    ,    RED-SIX     ,    RED-ONE     ,  GREEN-SIX     , YELLOW-NINE    ,    RED-REVERSE ]
  Player 1 hand [7]: [  BLUE-SIX     ,    RED-FIVE    ,  GREEN-EIGHT   ,   BLUE-EIGHT   ,    RED-TWO     ,   BLUE-REVERSE , YELLOW-FOUR    ]

Player 0 played YELLOW-NINE    

Top card: YELLOW-NINE     Direction: vv
  Player 0 hand [6]: [   RED-SIX     ,   BLUE-DRAW_TWO,   WILD-WILD    ,    RED-REVERSE ,    RED-ONE     ,  GREEN-SIX     ]
>>Player 1 hand [7]: [  BLUE-SIX     ,    RED-FIVE    ,  GREEN-EIGHT   ,   BLUE-EIGHT   ,    RED-TWO     ,   BLUE-REVERSE , YELLOW-FOUR    ]

Player 1 played YELLOW-FOUR    

Top card: YELLOW-FOUR     Direction: vv
>>Player 0 hand [6]: [   RED-SIX     ,   BLUE-DRAW_TWO,   WILD-WILD    ,    RED-REVERSE ,    RED-ONE     ,  GREEN-SIX     ]
  Player 1 hand [6]: [   RED-TWO     ,  GREEN-EIGHT   ,    RED-FIVE    ,   BLUE-SIX     ,   BLUE-EIGHT   ,   BLUE-REVERSE ]

Player 0 played    RED-WILD    

Top card:    RED-WILD     Direction: vv
  Player 0 hand [5]: [   RED-ONE     ,  GREEN-SIX     ,    RED-REVERSE ,   BLUE-DRAW_TWO,    RED-SIX     ]
>>Player 1 hand [6]: [   RED-TWO     ,  GREEN-EIGHT   ,    RED-FIVE    ,   BLUE-SIX     ,   BLUE-EIGHT   ,   BLUE-REVERSE ]

Player 1 played    RED-TWO     

Top card:    RED-TWO      Direction: vv
>>Player 0 hand [5]: [   RED-ONE     ,  GREEN-SIX     ,    RED-REVERSE ,   BLUE-DRAW_TWO,    RED-SIX     ]
  Player 1 hand [5]: [ GREEN-EIGHT   ,   BLUE-SIX     ,    RED-FIVE    ,   BLUE-REVERSE ,   BLUE-EIGHT   ]

Player 0 played    RED-REVERSE 

Game direction was reversed...

Top card:    RED-REVERSE  Direction: ^^
>>Player 0 hand [4]: [ GREEN-SIX     ,    RED-ONE     ,    RED-SIX     ,   BLUE-DRAW_TWO]
  Player 1 hand [5]: [ GREEN-EIGHT   ,   BLUE-SIX     ,    RED-FIVE    ,   BLUE-REVERSE ,   BLUE-EIGHT   ]

Player 0 played    RED-SIX     

Top card:    RED-SIX      Direction: ^^
  Player 0 hand [3]: [ GREEN-SIX     ,   BLUE-DRAW_TWO,    RED-ONE     ]
>>Player 1 hand [5]: [ GREEN-EIGHT   ,   BLUE-SIX     ,    RED-FIVE    ,   BLUE-REVERSE ,   BLUE-EIGHT   ]

Player 1 played   BLUE-SIX     

Top card:   BLUE-SIX      Direction: ^^
>>Player 0 hand [3]: [ GREEN-SIX     ,   BLUE-DRAW_TWO,    RED-ONE     ]
  Player 1 hand [4]: [ GREEN-EIGHT   ,   BLUE-EIGHT   ,    RED-FIVE    ,   BLUE-REVERSE ]

Player 0 played   BLUE-DRAW_TWO

Player 1 drew two cards and was skipped...

Top card:   BLUE-DRAW_TWO Direction: ^^
>>Player 0 hand [2]: [ GREEN-SIX     ,    RED-ONE     ]
  Player 1 hand [6]: [ GREEN-EIGHT   ,   BLUE-EIGHT   ,    RED-FIVE    ,   BLUE-REVERSE , YELLOW-THREE   ,  GREEN-THREE   ]

Player 0 drew a card
Player 0 didn't have a valid card to play

Top card:   BLUE-DRAW_TWO Direction: ^^
  Player 0 hand [3]: [   RED-ONE     ,  GREEN-ZERO    ,  GREEN-SIX     ]
>>Player 1 hand [6]: [ GREEN-EIGHT   ,   BLUE-EIGHT   ,    RED-FIVE    ,   BLUE-REVERSE , YELLOW-THREE   ,  GREEN-THREE   ]

Player 1 played   BLUE-EIGHT   

Top card:   BLUE-EIGHT    Direction: ^^
>>Player 0 hand [3]: [   RED-ONE     ,  GREEN-ZERO    ,  GREEN-SIX     ]
  Player 1 hand [5]: [YELLOW-THREE   ,  GREEN-EIGHT   ,  GREEN-THREE   ,    RED-FIVE    ,   BLUE-REVERSE ]

Player 0 drew a card
Player 0 didn't have a valid card to play

Top card:   BLUE-EIGHT    Direction: ^^
  Player 0 hand [4]: [ GREEN-ZERO    ,    RED-ONE     ,    RED-THREE   ,  GREEN-SIX     ]
>>Player 1 hand [5]: [YELLOW-THREE   ,  GREEN-EIGHT   ,  GREEN-THREE   ,    RED-FIVE    ,   BLUE-REVERSE ]

Player 1 played   BLUE-REVERSE 

Game direction was reversed...

Top card:   BLUE-REVERSE  Direction: vv
  Player 0 hand [4]: [ GREEN-ZERO    ,    RED-ONE     ,    RED-THREE   ,  GREEN-SIX     ]
>>Player 1 hand [4]: [ GREEN-THREE   , YELLOW-THREE   ,  GREEN-EIGHT   ,    RED-FIVE    ]

Player 1 drew a card
Player 1 didn't have a valid card to play

Top card:   BLUE-REVERSE  Direction: vv
>>Player 0 hand [4]: [ GREEN-ZERO    ,    RED-ONE     ,    RED-THREE   ,  GREEN-SIX     ]
  Player 1 hand [5]: [ GREEN-THREE   , YELLOW-THREE   ,    RED-EIGHT   ,    RED-FIVE    ,  GREEN-EIGHT   ]

Player 0 drew a card
Player 0 didn't have a valid card to play

Top card:   BLUE-REVERSE  Direction: vv
  Player 0 hand [5]: [   RED-THREE   ,  GREEN-ZERO    ,    RED-ONE     ,  GREEN-SIX     ,  GREEN-SEVEN   ]
>>Player 1 hand [5]: [ GREEN-THREE   , YELLOW-THREE   ,    RED-EIGHT   ,    RED-FIVE    ,  GREEN-EIGHT   ]

Player 1 drew a card
Player 1 didn't have a valid card to play

Top card:   BLUE-REVERSE  Direction: vv
>>Player 0 hand [5]: [   RED-THREE   ,  GREEN-ZERO    ,    RED-ONE     ,  GREEN-SIX     ,  GREEN-SEVEN   ]
  Player 1 hand [6]: [ GREEN-EIGHT   , YELLOW-THREE   ,    RED-FIVE    ,    RED-EIGHT   , YELLOW-SIX     ,  GREEN-THREE   ]

Player 0 drew a card
Player 0 didn't have a valid card to play

Top card:   BLUE-REVERSE  Direction: vv
  Player 0 hand [6]: [ GREEN-ZERO    , YELLOW-EIGHT   ,  GREEN-SEVEN   ,    RED-THREE   ,    RED-ONE     ,  GREEN-SIX     ]
>>Player 1 hand [6]: [ GREEN-EIGHT   , YELLOW-THREE   ,    RED-FIVE    ,    RED-EIGHT   , YELLOW-SIX     ,  GREEN-THREE   ]

Player 1 drew a card
Player 1 didn't have a valid card to play

Top card:   BLUE-REVERSE  Direction: vv
>>Player 0 hand [6]: [ GREEN-ZERO    , YELLOW-EIGHT   ,  GREEN-SEVEN   ,    RED-THREE   ,    RED-ONE     ,  GREEN-SIX     ]
  Player 1 hand [7]: [   RED-FIVE    ,  GREEN-EIGHT   ,  GREEN-THREE   , YELLOW-THREE   , YELLOW-SIX     ,    RED-EIGHT   ,    RED-SEVEN   ]

Player 0 drew a card
Player 0 played   BLUE-ONE     

Top card:   BLUE-ONE      Direction: vv
  Player 0 hand [6]: [ GREEN-SIX     ,    RED-THREE   ,    RED-ONE     , YELLOW-EIGHT   ,  GREEN-ZERO    ,  GREEN-SEVEN   ]
>>Player 1 hand [7]: [   RED-FIVE    ,  GREEN-EIGHT   ,  GREEN-THREE   , YELLOW-THREE   , YELLOW-SIX     ,    RED-EIGHT   ,    RED-SEVEN   ]

Player 1 drew a card
Player 1 didn't have a valid card to play

Top card:   BLUE-ONE      Direction: vv
>>Player 0 hand [6]: [ GREEN-SIX     ,    RED-THREE   ,    RED-ONE     , YELLOW-EIGHT   ,  GREEN-ZERO    ,  GREEN-SEVEN   ]
  Player 1 hand [8]: [ GREEN-THREE   ,    RED-SEVEN   , YELLOW-SIX     ,    RED-FIVE    ,  GREEN-EIGHT   , YELLOW-THREE   ,    RED-EIGHT   , YELLOW-SKIP    ]

Player 0 played    RED-ONE     

Top card:    RED-ONE      Direction: vv
  Player 0 hand [5]: [   RED-THREE   ,  GREEN-SEVEN   ,  GREEN-SIX     ,  GREEN-ZERO    , YELLOW-EIGHT   ]
>>Player 1 hand [8]: [ GREEN-THREE   ,    RED-SEVEN   , YELLOW-SIX     ,    RED-FIVE    ,  GREEN-EIGHT   , YELLOW-THREE   ,    RED-EIGHT   , YELLOW-SKIP    ]

Player 1 played    RED-FIVE    

Top card:    RED-FIVE     Direction: vv
>>Player 0 hand [5]: [   RED-THREE   ,  GREEN-SEVEN   ,  GREEN-SIX     ,  GREEN-ZERO    , YELLOW-EIGHT   ]
  Player 1 hand [7]: [ GREEN-EIGHT   , YELLOW-SKIP    , YELLOW-SIX     , YELLOW-THREE   ,    RED-SEVEN   ,    RED-EIGHT   ,  GREEN-THREE   ]

Player 0 played    RED-THREE   

Top card:    RED-THREE    Direction: vv
  Player 0 hand [4]: [ GREEN-SIX     , YELLOW-EIGHT   ,  GREEN-ZERO    ,  GREEN-SEVEN   ]
>>Player 1 hand [7]: [ GREEN-EIGHT   , YELLOW-SKIP    , YELLOW-SIX     , YELLOW-THREE   ,    RED-SEVEN   ,    RED-EIGHT   ,  GREEN-THREE   ]

Player 1 played YELLOW-THREE   

Top card: YELLOW-THREE    Direction: vv
>>Player 0 hand [4]: [ GREEN-SIX     , YELLOW-EIGHT   ,  GREEN-ZERO    ,  GREEN-SEVEN   ]
  Player 1 hand [6]: [YELLOW-SKIP    ,    RED-EIGHT   ,  GREEN-THREE   , YELLOW-SIX     ,  GREEN-EIGHT   ,    RED-SEVEN   ]

Player 0 played YELLOW-EIGHT   

Top card: YELLOW-EIGHT    Direction: vv
  Player 0 hand [3]: [ GREEN-SIX     ,  GREEN-SEVEN   ,  GREEN-ZERO    ]
>>Player 1 hand [6]: [YELLOW-SKIP    ,    RED-EIGHT   ,  GREEN-THREE   , YELLOW-SIX     ,  GREEN-EIGHT   ,    RED-SEVEN   ]

Player 1 played YELLOW-SIX     

Top card: YELLOW-SIX      Direction: vv
>>Player 0 hand [3]: [ GREEN-SIX     ,  GREEN-SEVEN   ,  GREEN-ZERO    ]
  Player 1 hand [5]: [   RED-EIGHT   ,  GREEN-EIGHT   , YELLOW-SKIP    ,  GREEN-THREE   ,    RED-SEVEN   ]

Player 0 played  GREEN-SIX     

Top card:  GREEN-SIX      Direction: vv
  Player 0 hand [2]: [ GREEN-SEVEN   ,  GREEN-ZERO    ]
>>Player 1 hand [5]: [   RED-EIGHT   ,  GREEN-EIGHT   , YELLOW-SKIP    ,  GREEN-THREE   ,    RED-SEVEN   ]

Player 1 played  GREEN-EIGHT   

Top card:  GREEN-EIGHT    Direction: vv
>>Player 0 hand [2]: [ GREEN-SEVEN   ,  GREEN-ZERO    ]
  Player 1 hand [4]: [   RED-SEVEN   ,    RED-EIGHT   , YELLOW-SKIP    ,  GREEN-THREE   ]

Player 0 played  GREEN-ZERO    

Top card:  GREEN-ZERO     Direction: vv
  Player 0 hand [1]: [ GREEN-SEVEN   ]
>>Player 1 hand [4]: [   RED-SEVEN   ,    RED-EIGHT   , YELLOW-SKIP    ,  GREEN-THREE   ]

Player 1 played  GREEN-THREE   

Top card:  GREEN-THREE    Direction: vv
>>Player 0 hand [1]: [ GREEN-SEVEN   ]
  Player 1 hand [3]: [YELLOW-SKIP    ,    RED-SEVEN   ,    RED-EIGHT   ]

Player 0 played  GREEN-SEVEN   

Game over!
Winner: Player 0
]]></system-out>
  </testcase>
</testsuite>