<?xml version="1.0" encoding="UTF-8"?>
<testsuite xmlns:xsi="http://www.w3.org/2001/XMLSchema-instance" xsi:noNamespaceSchemaLocation="https://maven.apache.org/surefire/maven-surefire-plugin/xsd/surefire-test-report-3.0.xsd" version="3.0" name="cs410.uno.CardTest" time="0.05" tests="8" errors="0" skipped="0" failures="0">
  <properties>
[...]
</properties>
  <testcase name="matchesTest" classname="cs410.uno.CardTest" time="0.021"/>
  <testcase name="isWildTest" classname="cs410.uno.CardTest" time="0.001"/>
  <testcase name="getFaceTest" classname="cs410.uno.CardTest" time="0.001"/>
  <testcase name="setColorTest" classname="cs410.uno.CardTest" time="0.002"/>
  <testcase name="Card" classname="cs410.uno.CardTest" time="0.001"/>
  <testcase name="isValidTest" classname="cs410.uno.CardTest" time="0.0"/>
  <testcase name="getColorTest" classname="cs410.uno.CardTest" time="0.0"/>
  <testcase name="isSpecialTest" classname="cs410.uno.CardTest" time="0.0"/>
</testsuite>